2024-10-22 22:18:59,897 - INFO - Created new log file.
2024-10-22 22:18:59,898 - INFO - ##################################################
2024-10-22 22:18:59,898 - INFO - STEP 3 : Creating Reports
2024-10-22 22:18:59,898 - INFO - ##################################################
2024-10-22 22:19:48,821 - INFO - Appending to existing log file.
2024-10-22 22:19:52,242 - INFO - ##################################################
2024-10-22 22:19:52,242 - INFO - STEP 3 : Creating Reports
2024-10-22 22:19:52,243 - INFO - ##################################################
2024-10-22 22:20:40,638 - INFO - Appending to existing log file.
2024-10-22 22:21:05,845 - INFO - Appending to existing log file.
2024-10-22 22:23:28,182 - INFO - Appending to existing log file.
2024-10-22 22:23:40,257 - INFO - ##################################################
2024-10-22 22:23:40,257 - INFO - STEP 3 : Creating Reports
2024-10-22 22:23:40,257 - INFO - ##################################################
2024-10-22 22:25:16,112 - INFO - Appending to existing log file.
2024-10-22 22:25:17,454 - INFO - ##################################################
2024-10-22 22:25:17,454 - INFO - STEP 3 : Creating Reports
2024-10-22 22:25:17,454 - INFO - ##################################################
2024-10-22 22:25:50,975 - INFO - Appending to existing log file.
2024-10-22 22:25:52,000 - INFO - ##################################################
2024-10-22 22:25:52,000 - INFO - STEP 3 : Creating Reports
2024-10-22 22:25:52,000 - INFO - ##################################################
2024-10-22 22:26:00,736 - INFO - Appending to existing log file.
2024-10-22 22:26:01,125 - INFO - ##################################################
2024-10-22 22:26:01,126 - INFO - STEP 3 : Creating Reports
2024-10-22 22:26:01,126 - INFO - ##################################################
2024-10-22 22:27:08,003 - INFO - Appending to existing log file.
2024-10-22 22:27:08,003 - INFO - ##################################################
2024-10-22 22:27:08,004 - INFO - STEP 3 : Creating Reports
2024-10-22 22:27:08,004 - INFO - ##################################################
2024-10-22 22:27:37,274 - INFO - Appending to existing log file.
2024-10-22 22:27:38,139 - INFO - ##################################################
2024-10-22 22:27:38,139 - INFO - STEP 3 : Creating Reports
2024-10-22 22:27:38,139 - INFO - ##################################################
2024-10-22 22:28:10,501 - INFO - Appending to existing log file.
2024-10-22 22:28:10,501 - INFO - ##################################################
2024-10-22 22:28:10,501 - INFO - STEP 3 : Creating Reports
2024-10-22 22:28:10,501 - INFO - ##################################################
2024-10-22 22:28:22,526 - INFO - Appending to existing log file.
2024-10-22 22:28:22,527 - INFO - ##################################################
2024-10-22 22:28:22,527 - INFO - STEP 3 : Creating Reports
2024-10-22 22:28:22,527 - INFO - ##################################################
2024-10-22 22:29:06,568 - INFO - Appending to existing log file.
2024-10-22 22:29:06,568 - INFO - ##################################################
2024-10-22 22:29:06,569 - INFO - STEP 3 : Creating Reports
2024-10-22 22:29:06,569 - INFO - ##################################################
2024-10-22 22:29:22,163 - INFO - Appending to existing log file.
2024-10-22 22:29:23,088 - INFO - ##################################################
2024-10-22 22:29:23,088 - INFO - STEP 3 : Creating Reports
2024-10-22 22:29:23,089 - INFO - ##################################################
2024-10-22 22:29:51,730 - INFO - Appending to existing log file.
2024-10-22 22:29:51,954 - INFO - ##################################################
2024-10-22 22:29:51,955 - INFO - STEP 3 : Creating Reports
2024-10-22 22:29:51,955 - INFO - ##################################################
2024-10-22 22:29:51,955 - INFO - Establishing database connection...
2024-10-22 22:29:51,966 - INFO - Database connection established successfully.
2024-10-22 22:29:51,967 - INFO - SQL query read from file: 
SELECT top 5
    exp_type, 
    SUM(amount) AS total_spend,
    (SUM(amount) * 100.0 / (SELECT SUM(amount) FROM DEProject.dbo.transactions)) AS percentage_contribution
FROM 
    [transactions]
GROUP BY 
    exp_type
ORDER BY 
    total_spend DESC;
2024-10-22 22:29:52,038 - INFO - SQL query executed successfully. Retrieved 5 rows.
2024-10-22 22:32:17,103 - INFO - Appending to existing log file.
2024-10-22 22:32:17,842 - INFO - ##################################################
2024-10-22 22:32:17,843 - INFO - STEP 3 : Creating Reports
2024-10-22 22:32:17,843 - INFO - ##################################################
2024-10-22 22:32:17,843 - INFO - Establishing database connection...
2024-10-22 22:32:17,858 - INFO - Database connection established successfully.
2024-10-22 22:32:17,860 - INFO - SQL query read from file: 
SELECT top 5
    exp_type, 
    SUM(amount) AS total_spend,
    (SUM(amount) * 100.0 / (SELECT SUM(amount) FROM DEProject.dbo.transactions)) AS percentage_contribution
FROM 
    [transactions]
GROUP BY 
    exp_type
ORDER BY 
    total_spend DESC;
2024-10-22 22:32:17,948 - INFO - SQL query executed successfully. Retrieved 5 rows.
2024-10-22 22:32:17,948 - INFO - Cursor closed.
2024-10-22 22:32:17,949 - INFO - Database connection closed.
