2024-10-24 09:36:52,558 - INFO - Created new session log file.
2024-10-24 09:36:52,560 - INFO - ##################################################
2024-10-24 09:36:52,560 - INFO - STEP 1 : Extarcting data from kagggle
2024-10-24 09:36:52,560 - INFO - ##################################################
2024-10-24 09:36:52,560 - INFO - Starting data download...
2024-10-24 09:36:54,408 - INFO - Files in the zip archive: ['Credit card transactions - India - Simple.csv']
2024-10-24 09:36:54,409 - INFO - Processing the data in chunks...
2024-10-24 09:36:54,423 - INFO - Processed 10000 rows of data.
2024-10-24 09:36:54,442 - INFO - Processed 10000 rows of data.
2024-10-24 09:36:54,455 - INFO - Processed 6052 rows of data.
2024-10-24 09:36:54,530 - INFO - Data processing and transmission to NiFi completed successfully.
2024-10-24 09:36:55,364 - INFO - Appending to existing log file.
2024-10-24 09:36:55,521 - INFO - ##################################################
2024-10-24 09:36:55,521 - INFO - STEP 2 : Pushing the data to table
2024-10-24 09:36:55,521 - INFO - ##################################################
2024-10-24 09:36:55,574 - INFO - Table 'transactions' already exists.
2024-10-24 09:37:05,082 - INFO - Data processing completed successfully. Total records pushed: 0.
2024-10-24 09:37:05,086 - INFO - The IDs 1-26052 already exist in the table, hence skipping.
2024-10-24 09:37:06,316 - INFO - Appending to existing log file.
2024-10-24 09:37:06,317 - INFO - ##################################################
2024-10-24 09:37:06,317 - INFO - STEP 3 : Creating Reports
2024-10-24 09:37:06,317 - INFO - ##################################################
2024-10-24 09:37:06,317 - INFO - Establishing database connection...
2024-10-24 09:37:06,320 - INFO - Appending to existing log file.
2024-10-24 09:37:06,321 - INFO - ##################################################
2024-10-24 09:37:06,321 - INFO - STEP 3 : Creating Reports
2024-10-24 09:37:06,322 - INFO - ##################################################
2024-10-24 09:37:06,322 - INFO - Establishing database connection...
2024-10-24 09:37:06,325 - INFO - Appending to existing log file.
2024-10-24 09:37:06,326 - INFO - ##################################################
2024-10-24 09:37:06,326 - INFO - STEP 3 : Creating Reports
2024-10-24 09:37:06,326 - INFO - ##################################################
2024-10-24 09:37:06,326 - INFO - Establishing database connection...
2024-10-24 09:37:06,329 - INFO - Appending to existing log file.
2024-10-24 09:37:06,330 - INFO - ##################################################
2024-10-24 09:37:06,330 - INFO - STEP 3 : Creating Reports
2024-10-24 09:37:06,330 - INFO - ##################################################
2024-10-24 09:37:06,330 - INFO - Establishing database connection...
2024-10-24 09:37:06,333 - INFO - Appending to existing log file.
2024-10-24 09:37:06,335 - INFO - ##################################################
2024-10-24 09:37:06,335 - INFO - STEP 3 : Creating Reports
2024-10-24 09:37:06,335 - INFO - ##################################################
2024-10-24 09:37:06,335 - INFO - Establishing database connection...
2024-10-24 09:37:06,349 - INFO - Appending to existing log file.
2024-10-24 09:37:06,350 - INFO - ##################################################
2024-10-24 09:37:06,350 - INFO - STEP 3 : Creating Reports
2024-10-24 09:37:06,350 - INFO - ##################################################
2024-10-24 09:37:06,350 - INFO - Establishing database connection...
2024-10-24 09:37:06,360 - INFO - Appending to existing log file.
2024-10-24 09:37:06,361 - INFO - ##################################################
2024-10-24 09:37:06,361 - INFO - STEP 3 : Creating Reports
2024-10-24 09:37:06,361 - INFO - ##################################################
2024-10-24 09:37:06,361 - INFO - Establishing database connection...
2024-10-24 09:37:06,364 - INFO - Appending to existing log file.
2024-10-24 09:37:06,366 - INFO - ##################################################
2024-10-24 09:37:06,366 - INFO - STEP 3 : Creating Reports
2024-10-24 09:37:06,366 - INFO - ##################################################
2024-10-24 09:37:06,366 - INFO - Establishing database connection...
2024-10-24 09:37:06,386 - INFO - Appending to existing log file.
2024-10-24 09:37:06,387 - INFO - ##################################################
2024-10-24 09:37:06,387 - INFO - STEP 3 : Creating Reports
2024-10-24 09:37:06,387 - INFO - ##################################################
2024-10-24 09:37:06,387 - INFO - Establishing database connection...
2024-10-24 09:37:06,398 - INFO - Database connection established successfully.
2024-10-24 09:37:06,398 - INFO - SQL filename: Spend Distribution Across Card Types.sql
2024-10-24 09:37:06,398 - INFO - SQL query read from file: SELECT 
    card_type, 
    MAX(amount) AS highest_spend_amount, 
    MIN(amount) AS lowest_spend_amount
FROM 
    transactions
GROUP BY 
    card_type;
2024-10-24 09:37:06,400 - INFO - Database connection established successfully.
2024-10-24 09:37:06,400 - INFO - SQL filename: Fastest Growth in Spending.sql
2024-10-24 09:37:06,400 - INFO - SQL query read from file: WITH TransactionCounts AS (
    SELECT 
        card_type,
        COUNT(*) AS transaction_count,
        SUM(amount) AS total_spend
    FROM 
        transactions
    GROUP BY 
        card_type
)
SELECT TOP 1 
    card_type,
    transaction_count,
    total_spend,
    (total_spend * 1.0 / transaction_count) AS average_spend_per_transaction
FROM 
    TransactionCounts
ORDER BY 
    average_spend_per_transaction DESC;

2024-10-24 09:37:06,402 - INFO - Database connection established successfully.
2024-10-24 09:37:06,402 - INFO - SQL filename: Highest Spending Gender.sql
2024-10-24 09:37:06,403 - INFO - SQL query read from file: SELECT 
    city,
    gender,
    SUM(amount) AS total_spend
FROM 
    transactions
GROUP BY 
    city, 
    gender
ORDER BY 
    city, 
    total_spend DESC;

2024-10-24 09:37:06,405 - INFO - Database connection established successfully.
2024-10-24 09:37:06,405 - INFO - SQL filename: Weekend vs Weekday Transaction Patterns.sql
2024-10-24 09:37:06,405 - INFO - SQL query read from file: SELECT 
    city,
    CASE 
        WHEN DATEPART(WEEKDAY, transaction_date) IN (1, 7) THEN 'Weekend'
        ELSE 'Weekday' 
    END AS day_type,
    COUNT(*) AS total_transactions,
    SUM(amount) AS total_spend
FROM 
    transactions
GROUP BY 
    city, 
    CASE 
        WHEN DATEPART(WEEKDAY, transaction_date) IN (1, 7) THEN 'Weekend'
        ELSE 'Weekday' 
    END;

2024-10-24 09:37:06,417 - INFO - Database connection established successfully.
2024-10-24 09:37:06,418 - INFO - SQL filename: Year over Year Spend Growth.sql
2024-10-24 09:37:06,418 - INFO - SQL query read from file: WITH YearlySpend AS (
    SELECT 
        city,
        card_type,
        YEAR(transaction_date) AS year,
        SUM(amount) AS total_spend
    FROM 
        transactions
    WHERE 
        YEAR(transaction_date) IN (2013, 2014)
    GROUP BY 
        city, 
        card_type, 
        YEAR(transaction_date)
)
SELECT 
    y2014.city,
    y2014.card_type,
    (y2014.total_spend - COALESCE(y2013.total_spend, 0)) AS growth
FROM 
    YearlySpend y2014
LEFT JOIN 
    YearlySpend y2013 
ON 
    y2014.city = y2013.city 
    AND y2014.card_type = y2013.card_type 
    AND y2013.year = 2013
WHERE 
    y2014.year = 2014
ORDER BY 
    growth DESC
OFFSET 0 ROWS FETCH NEXT 1 ROW ONLY; -- SQL Server syntax for LIMIT

2024-10-24 09:37:06,424 - INFO - Database connection established successfully.
2024-10-24 09:37:06,424 - INFO - SQL filename: Spend by Gender Across Cities.sql
2024-10-24 09:37:06,424 - INFO - SQL query read from file: SELECT 
    city,
    gender,
    SUM(amount) AS total_spend,
    (SUM(amount) * 100.0 / (SELECT SUM(amount) FROM transactions WHERE city = ct.city)) AS percentage_contribution
FROM 
    transactions ct
GROUP BY 
    city, 
    gender;
2024-10-24 09:37:06,441 - INFO - Database connection established successfully.
2024-10-24 09:37:06,441 - INFO - SQL filename: Cumulative Spend by City.sql
2024-10-24 09:37:06,442 - INFO - SQL query read from file: WITH CumulativeSpending AS (
    SELECT 
        city,
        transaction_date,
        SUM(amount) OVER (PARTITION BY city ORDER BY transaction_date) AS cumulative_spend
    FROM 
        transactions
)
SELECT 
    city,
    MIN(transaction_date) AS first_date_to_reach_500k
FROM 
    CumulativeSpending
WHERE 
    cumulative_spend >= 500000
GROUP BY 
    city;

2024-10-24 09:37:06,446 - INFO - Database connection established successfully.
2024-10-24 09:37:06,447 - INFO - SQL filename: Top 5 Expense Categories.sql
2024-10-24 09:37:06,447 - INFO - SQL query read from file: 
SELECT top 5
    exp_type, 
    SUM(amount) AS total_spend,
    (SUM(amount) * 100.0 / (SELECT SUM(amount) FROM DEProject.dbo.transactions)) AS percentage_contribution
FROM 
    [transactions]
GROUP BY 
    exp_type
ORDER BY 
    total_spend DESC;
2024-10-24 09:37:06,530 - INFO - SQL query executed successfully. Retrieved 4 rows.
2024-10-24 09:37:06,537 - INFO - Cursor closed.
2024-10-24 09:37:06,540 - INFO - SQL query executed successfully. Retrieved 5 rows.
2024-10-24 09:37:06,546 - INFO - Cursor closed.
2024-10-24 09:37:06,556 - INFO - SQL query executed successfully. Retrieved 1 rows.
2024-10-24 09:37:06,561 - INFO - SQL query executed successfully. Retrieved 1 rows.
2024-10-24 09:37:06,561 - INFO - Cursor closed.
2024-10-24 09:37:06,563 - INFO - Database connection closed.
2024-10-24 09:37:06,563 - INFO - Database connection closed.
2024-10-24 09:37:06,567 - INFO - Database connection closed.
2024-10-24 09:37:06,568 - INFO - Cursor closed.
2024-10-24 09:37:06,572 - INFO - Database connection closed.
ed successfully.
2024-10-24 09:37:06,573 - INFO - SQL filename: Average Spend Per Transaction by Card Type.sql
2024-10-24 09:37:06,573 - INFO - SQL query read from file: SELECT 
    card_type, 
    YEAR(transaction_date) AS transaction_year,
    MONTH(transaction_date) AS transaction_month,
    AVG(amount) AS average_spend_per_transaction
FROM 
    transactions
GROUP BY 
    card_type, 
    YEAR(transaction_date),
    MONTH(transaction_date);
2024-10-24 09:37:06,582 - INFO - SQL query executed successfully. Retrieved 1876 rows.
2024-10-24 09:37:06,583 - INFO - SQL query executed successfully. Retrieved 1876 rows.
2024-10-24 09:37:06,590 - INFO - SQL query executed successfully. Retrieved 1783 rows.
2024-10-24 09:37:06,593 - INFO - Cursor closed.
2024-10-24 09:37:06,594 - INFO - Database connection closed.
2024-10-24 09:37:06,595 - INFO - Cursor closed.
2024-10-24 09:37:06,602 - INFO - Database connection closed.
2024-10-24 09:37:06,609 - INFO - Cursor closed.
2024-10-24 09:37:06,612 - INFO - Database connection closed.
2024-10-24 09:37:06,630 - INFO - SQL query executed successfully. Retrieved 80 rows.
2024-10-24 09:37:06,636 - INFO - Cursor closed.
2024-10-24 09:37:06,640 - INFO - Database connection closed.
2024-10-24 09:37:07,164 - INFO - SQL query executed successfully. Retrieved 796 rows.
2024-10-24 09:37:07,170 - INFO - Cursor closed.
2024-10-24 09:37:07,170 - INFO - Database connection closed.
2024-10-24 09:37:10,419 - INFO - Appending to existing log file.
2024-10-24 09:37:10,419 - INFO - ##################################################
2024-10-24 09:37:10,419 - INFO - STEP 4 : GENERATING OUTPUTS
2024-10-24 09:37:10,419 - INFO - ##################################################
2024-10-24 09:37:10,419 - INFO - Processing file: Top_5_Expense_Categories
2024-10-24 09:37:10,421 - INFO - Created folder structure for: C:\Users\akhil\Programming\Data Engineering Projects\Data Engineering Project 2\data\output\2024-10-24\2024-10-24_09-37-10\Top_5_Expense_Categories
2024-10-24 09:37:10,422 - INFO - Loaded configuration from: C:\Users\akhil\Programming\Data Engineering Projects\Data Engineering Project 2\config\iconfig.ini
2024-10-24 09:37:10,425 - INFO - Appending to existing log file.
2024-10-24 09:37:10,425 - INFO - ##################################################
2024-10-24 09:37:10,425 - INFO - Appending to existing log file.
2024-10-24 09:37:10,425 - INFO - STEP 4 : GENERATING OUTPUTS
2024-10-24 09:37:10,425 - INFO - ##################################################
2024-10-24 09:37:10,425 - INFO - ##################################################
2024-10-24 09:37:10,425 - INFO - Processing file: Spend_Distribution_Across_Card_Types
2024-10-24 09:37:10,425 - INFO - STEP 4 : GENERATING OUTPUTS
2024-10-24 09:37:10,426 - INFO - ##################################################
2024-10-24 09:37:10,426 - INFO - Processing file: Fastest_Growth_in_Spending
2024-10-24 09:37:10,427 - INFO - Read DataFrame with 5 rows
2024-10-24 09:37:10,427 - INFO - Generating content using File_content_generator...
2024-10-24 09:37:10,427 - INFO - Created folder structure for: C:\Users\akhil\Programming\Data Engineering Projects\Data Engineering Project 2\data\output\2024-10-24\2024-10-24_09-37-10\Fastest_Growth_in_Spending
2024-10-24 09:37:10,427 - INFO - Created folder structure for: C:\Users\akhil\Programming\Data Engineering Projects\Data Engineering Project 2\data\output\2024-10-24\2024-10-24_09-37-10\Spend_Distribution_Across_Card_Types
2024-10-24 09:37:10,428 - INFO - Loaded configuration from: C:\Users\akhil\Programming\Data Engineering Projects\Data Engineering Project 2\config\iconfig.ini
2024-10-24 09:37:10,428 - INFO - Loaded configuration from: C:\Users\akhil\Programming\Data Engineering Projects\Data Engineering Project 2\config\iconfig.ini
2024-10-24 09:37:10,433 - INFO - Read DataFrame with 1 rows
2024-10-24 09:37:10,434 - INFO - Generating content using File_content_generator...
2024-10-24 09:37:10,434 - INFO - Read DataFrame with 4 rows
2024-10-24 09:37:10,434 - INFO - Generating content using File_content_generator...
2024-10-24 09:37:10,516 - INFO - Appending to existing log file.
2024-10-24 09:37:10,517 - INFO - ##################################################
2024-10-24 09:37:10,517 - INFO - STEP 4 : GENERATING OUTPUTS
2024-10-24 09:37:10,517 - INFO - ##################################################
2024-10-24 09:37:10,517 - INFO - Processing file: Weekend_vs_Weekday_Transaction_Patterns
2024-10-24 09:37:10,518 - INFO - Created folder structure for: C:\Users\akhil\Programming\Data Engineering Projects\Data Engineering Project 2\data\output\2024-10-24\2024-10-24_09-37-10\Weekend_vs_Weekday_Transaction_Patterns
2024-10-24 09:37:10,519 - INFO - Loaded configuration from: C:\Users\akhil\Programming\Data Engineering Projects\Data Engineering Project 2\config\iconfig.ini
2024-10-24 09:37:10,527 - INFO - Read DataFrame with 1783 rows
2024-10-24 09:37:10,527 - INFO - Generating content using File_content_generator...
2024-10-24 09:37:10,528 - INFO - Appending to existing log file.
2024-10-24 09:37:10,528 - INFO - ##################################################
2024-10-24 09:37:10,528 - INFO - STEP 4 : GENERATING OUTPUTS
2024-10-24 09:37:10,528 - INFO - ##################################################
2024-10-24 09:37:10,528 - INFO - Processing file: Year_over_Year_Spend_Growth
2024-10-24 09:37:10,529 - INFO - Created folder structure for: C:\Users\akhil\Programming\Data Engineering Projects\Data Engineering Project 2\data\output\2024-10-24\2024-10-24_09-37-10\Year_over_Year_Spend_Growth
2024-10-24 09:37:10,530 - INFO - Appending to existing log file.
2024-10-24 09:37:10,530 - INFO - Loaded configuration from: C:\Users\akhil\Programming\Data Engineering Projects\Data Engineering Project 2\config\iconfig.ini
2024-10-24 09:37:10,530 - INFO - ##################################################
2024-10-24 09:37:10,530 - INFO - STEP 4 : GENERATING OUTPUTS
2024-10-24 09:37:10,530 - INFO - ##################################################
2024-10-24 09:37:10,531 - INFO - Processing file: Average_Spend_Per_Transaction_by_Card_Type
2024-10-24 09:37:10,532 - INFO - Created folder structure for: C:\Users\akhil\Programming\Data Engineering Projects\Data Engineering Project 2\data\output\2024-10-24\2024-10-24_09-37-10\Average_Spend_Per_Transaction_by_Card_Type
2024-10-24 09:37:10,533 - INFO - Loaded configuration from: C:\Users\akhil\Programming\Data Engineering Projects\Data Engineering Project 2\config\iconfig.ini
2024-10-24 09:37:10,535 - INFO - Read DataFrame with 1 rows
2024-10-24 09:37:10,535 - INFO - Generating content using File_content_generator...
2024-10-24 09:37:10,538 - INFO - Read DataFrame with 80 rows
2024-10-24 09:37:10,538 - INFO - Generating content using File_content_generator...
2024-10-24 09:37:10,547 - INFO - Appending to existing log file.
2024-10-24 09:37:10,547 - INFO - ##################################################
2024-10-24 09:37:10,548 - INFO - STEP 4 : GENERATING OUTPUTS
2024-10-24 09:37:10,548 - INFO - ##################################################
2024-10-24 09:37:10,548 - INFO - Processing file: Spend_by_Gender_Across_Cities
2024-10-24 09:37:10,548 - INFO - Created folder structure for: C:\Users\akhil\Programming\Data Engineering Projects\Data Engineering Project 2\data\output\2024-10-24\2024-10-24_09-37-10\Spend_by_Gender_Across_Cities
2024-10-24 09:37:10,549 - INFO - Loaded configuration from: C:\Users\akhil\Programming\Data Engineering Projects\Data Engineering Project 2\config\iconfig.ini
2024-10-24 09:37:10,559 - INFO - Read DataFrame with 1876 rows
2024-10-24 09:37:10,560 - INFO - Appending to existing log file.
2024-10-24 09:37:10,560 - INFO - ##################################################
2024-10-24 09:37:10,560 - INFO - STEP 4 : GENERATING OUTPUTS
2024-10-24 09:37:10,560 - INFO - ##################################################
2024-10-24 09:37:10,560 - INFO - Processing file: Highest_Spending_Gender
2024-10-24 09:37:10,561 - INFO - Created folder structure for: C:\Users\akhil\Programming\Data Engineering Projects\Data Engineering Project 2\data\output\2024-10-24\2024-10-24_09-37-10\Highest_Spending_Gender
2024-10-24 09:37:10,560 - INFO - Generating content using File_content_generator...
2024-10-24 09:37:10,562 - INFO - Loaded configuration from: C:\Users\akhil\Programming\Data Engineering Projects\Data Engineering Project 2\config\iconfig.ini
2024-10-24 09:37:10,569 - INFO - Read DataFrame with 1876 rows
2024-10-24 09:37:10,569 - INFO - Generating content using File_content_generator...
2024-10-24 09:37:10,843 - INFO - Appending to existing log file.
2024-10-24 09:37:10,843 - INFO - ##################################################
2024-10-24 09:37:10,843 - INFO - STEP 4 : GENERATING OUTPUTS
2024-10-24 09:37:10,843 - INFO - ##################################################
2024-10-24 09:37:10,843 - INFO - Processing file: Cumulative_Spend_by_City
2024-10-24 09:37:10,844 - INFO - Created folder structure for: C:\Users\akhil\Programming\Data Engineering Projects\Data Engineering Project 2\data\output\2024-10-24\2024-10-24_09-37-10\Cumulative_Spend_by_City
2024-10-24 09:37:10,845 - INFO - Loaded configuration from: C:\Users\akhil\Programming\Data Engineering Projects\Data Engineering Project 2\config\iconfig.ini
2024-10-24 09:37:10,851 - INFO - Read DataFrame with 796 rows
2024-10-24 09:37:10,851 - INFO - Generating content using File_content_generator...
2024-10-24 09:37:25,490 - INFO - HTTP Request: POST https://api.cohere.com/v2/chat "HTTP/1.1 200 OK"
2024-10-24 09:37:25,629 - INFO - HTTP Request: POST https://api.cohere.com/v2/chat "HTTP/1.1 200 OK"
2024-10-24 09:37:25,638 - ERROR - An error occurred: Expecting value: line 1 column 1 (char 0)
Traceback (most recent call last):
  File "C:\Users\akhil\Programming\Data Engineering Projects\Data Engineering Project 2\scripts\Output_Generation.py", line 67, in <module>
    description_list = File_content_generator(df)  # Add additional parameters as needed
                       ^^^^^^^^^^^^^^^^^^^^^^^^^^
  File "C:\Users\akhil\Programming\Data Engineering Projects\Data Engineering Project 2\scripts\File_content_generator.py", line 48, in File_content_generator
    data_dict = json.loads(dict_content)
                ^^^^^^^^^^^^^^^^^^^^^^^^
  File "C:\Users\akhil\AppData\Local\Programs\Python\Python312\Lib\json\__init__.py", line 346, in loads
    return _default_decoder.decode(s)
           ^^^^^^^^^^^^^^^^^^^^^^^^^^
  File "C:\Users\akhil\AppData\Local\Programs\Python\Python312\Lib\json\decoder.py", line 337, in decode
    obj, end = self.raw_decode(s, idx=_w(s, 0).end())
               ^^^^^^^^^^^^^^^^^^^^^^^^^^^^^^^^^^^^^^
  File "C:\Users\akhil\AppData\Local\Programs\Python\Python312\Lib\json\decoder.py", line 355, in raw_decode
    raise JSONDecodeError("Expecting value", s, err.value) from None
json.decoder.JSONDecodeError: Expecting value: line 1 column 1 (char 0)
2024-10-24 09:37:26,212 - INFO - Excel report saved to: C:\Users\akhil\Programming\Data Engineering Projects\Data Engineering Project 2\data\output\2024-10-24\2024-10-24_09-37-10\Fastest_Growth_in_Spending\Fastest_Growth_in_Spending_report.xlsx
2024-10-24 09:37:26,217 - INFO - CSV report saved to: C:\Users\akhil\Programming\Data Engineering Projects\Data Engineering Project 2\data\output\2024-10-24\2024-10-24_09-37-10\Fastest_Growth_in_Spending\Fastest_Growth_in_Spending_report.csv
2024-10-24 09:37:26,219 - INFO - JSON report saved to: C:\Users\akhil\Programming\Data Engineering Projects\Data Engineering Project 2\data\output\2024-10-24\2024-10-24_09-37-10\Fastest_Growth_in_Spending\Fastest_Growth_in_Spending_report.json
2024-10-24 09:37:26,254 - INFO - Parquet report saved to: C:\Users\akhil\Programming\Data Engineering Projects\Data Engineering Project 2\data\output\2024-10-24\2024-10-24_09-37-10\Fastest_Growth_in_Spending\Fastest_Growth_in_Spending_report.parquet
2024-10-24 09:37:26,277 - INFO - PDF report saved to: C:\Users\akhil\Programming\Data Engineering Projects\Data Engineering Project 2\data\output\2024-10-24\2024-10-24_09-37-10\Fastest_Growth_in_Spending\Fastest_Growth_in_Spending_Report.pdf
2024-10-24 09:37:26,344 - INFO - Word document saved to: C:\Users\akhil\Programming\Data Engineering Projects\Data Engineering Project 2\data\output\2024-10-24\2024-10-24_09-37-10\Fastest_Growth_in_Spending\Fastest_Growth_in_Spending_Report.docx
2024-10-24 09:37:28,732 - INFO - HTTP Request: POST https://api.cohere.com/v2/chat "HTTP/1.1 200 OK"
2024-10-24 09:37:29,257 - INFO - Excel report saved to: C:\Users\akhil\Programming\Data Engineering Projects\Data Engineering Project 2\data\output\2024-10-24\2024-10-24_09-37-10\Year_over_Year_Spend_Growth\Year_over_Year_Spend_Growth_report.xlsx
2024-10-24 09:37:29,264 - INFO - CSV report saved to: C:\Users\akhil\Programming\Data Engineering Projects\Data Engineering Project 2\data\output\2024-10-24\2024-10-24_09-37-10\Year_over_Year_Spend_Growth\Year_over_Year_Spend_Growth_report.csv
2024-10-24 09:37:29,267 - INFO - JSON report saved to: C:\Users\akhil\Programming\Data Engineering Projects\Data Engineering Project 2\data\output\2024-10-24\2024-10-24_09-37-10\Year_over_Year_Spend_Growth\Year_over_Year_Spend_Growth_report.json
2024-10-24 09:37:29,309 - INFO - Parquet report saved to: C:\Users\akhil\Programming\Data Engineering Projects\Data Engineering Project 2\data\output\2024-10-24\2024-10-24_09-37-10\Year_over_Year_Spend_Growth\Year_over_Year_Spend_Growth_report.parquet
2024-10-24 09:37:29,343 - INFO - PDF report saved to: C:\Users\akhil\Programming\Data Engineering Projects\Data Engineering Project 2\data\output\2024-10-24\2024-10-24_09-37-10\Year_over_Year_Spend_Growth\Year_over_Year_Spend_Growth_Report.pdf
2024-10-24 09:37:29,405 - INFO - Word document saved to: C:\Users\akhil\Programming\Data Engineering Projects\Data Engineering Project 2\data\output\2024-10-24\2024-10-24_09-37-10\Year_over_Year_Spend_Growth\Year_over_Year_Spend_Growth_Report.docx
2024-10-24 09:37:29,924 - INFO - HTTP Request: POST https://api.cohere.com/v2/chat "HTTP/1.1 200 OK"
2024-10-24 09:37:30,417 - INFO - Excel report saved to: C:\Users\akhil\Programming\Data Engineering Projects\Data Engineering Project 2\data\output\2024-10-24\2024-10-24_09-37-10\Top_5_Expense_Categories\Top_5_Expense_Categories_report.xlsx
2024-10-24 09:37:30,424 - INFO - CSV report saved to: C:\Users\akhil\Programming\Data Engineering Projects\Data Engineering Project 2\data\output\2024-10-24\2024-10-24_09-37-10\Top_5_Expense_Categories\Top_5_Expense_Categories_report.csv
2024-10-24 09:37:30,425 - INFO - JSON report saved to: C:\Users\akhil\Programming\Data Engineering Projects\Data Engineering Project 2\data\output\2024-10-24\2024-10-24_09-37-10\Top_5_Expense_Categories\Top_5_Expense_Categories_report.json
2024-10-24 09:37:30,456 - INFO - Parquet report saved to: C:\Users\akhil\Programming\Data Engineering Projects\Data Engineering Project 2\data\output\2024-10-24\2024-10-24_09-37-10\Top_5_Expense_Categories\Top_5_Expense_Categories_report.parquet
2024-10-24 09:37:30,504 - INFO - PDF report saved to: C:\Users\akhil\Programming\Data Engineering Projects\Data Engineering Project 2\data\output\2024-10-24\2024-10-24_09-37-10\Top_5_Expense_Categories\Top_5_Expense_Categories_Report.pdf
2024-10-24 09:37:30,586 - INFO - Word document saved to: C:\Users\akhil\Programming\Data Engineering Projects\Data Engineering Project 2\data\output\2024-10-24\2024-10-24_09-37-10\Top_5_Expense_Categories\Top_5_Expense_Categories_Report.docx
2024-10-24 09:37:40,056 - INFO - HTTP Request: POST https://api.cohere.com/v2/chat "HTTP/1.1 200 OK"
2024-10-24 09:37:40,687 - INFO - Excel report saved to: C:\Users\akhil\Programming\Data Engineering Projects\Data Engineering Project 2\data\output\2024-10-24\2024-10-24_09-37-10\Average_Spend_Per_Transaction_by_Card_Type\Average_Spend_Per_Transaction_by_Card_Type_report.xlsx
2024-10-24 09:37:40,694 - INFO - CSV report saved to: C:\Users\akhil\Programming\Data Engineering Projects\Data Engineering Project 2\data\output\2024-10-24\2024-10-24_09-37-10\Average_Spend_Per_Transaction_by_Card_Type\Average_Spend_Per_Transaction_by_Card_Type_report.csv
2024-10-24 09:37:40,698 - INFO - JSON report saved to: C:\Users\akhil\Programming\Data Engineering Projects\Data Engineering Project 2\data\output\2024-10-24\2024-10-24_09-37-10\Average_Spend_Per_Transaction_by_Card_Type\Average_Spend_Per_Transaction_by_Card_Type_report.json
2024-10-24 09:37:40,738 - INFO - Parquet report saved to: C:\Users\akhil\Programming\Data Engineering Projects\Data Engineering Project 2\data\output\2024-10-24\2024-10-24_09-37-10\Average_Spend_Per_Transaction_by_Card_Type\Average_Spend_Per_Transaction_by_Card_Type_report.parquet
2024-10-24 09:37:45,364 - INFO - HTTP Request: POST https://api.cohere.com/v2/chat "HTTP/1.1 200 OK"
2024-10-24 09:37:45,948 - INFO - Excel report saved to: C:\Users\akhil\Programming\Data Engineering Projects\Data Engineering Project 2\data\output\2024-10-24\2024-10-24_09-37-10\Highest_Spending_Gender\Highest_Spending_Gender_report.xlsx
2024-10-24 09:37:45,961 - INFO - CSV report saved to: C:\Users\akhil\Programming\Data Engineering Projects\Data Engineering Project 2\data\output\2024-10-24\2024-10-24_09-37-10\Highest_Spending_Gender\Highest_Spending_Gender_report.csv
2024-10-24 09:37:45,970 - INFO - JSON report saved to: C:\Users\akhil\Programming\Data Engineering Projects\Data Engineering Project 2\data\output\2024-10-24\2024-10-24_09-37-10\Highest_Spending_Gender\Highest_Spending_Gender_report.json
2024-10-24 09:37:46,018 - INFO - Parquet report saved to: C:\Users\akhil\Programming\Data Engineering Projects\Data Engineering Project 2\data\output\2024-10-24\2024-10-24_09-37-10\Highest_Spending_Gender\Highest_Spending_Gender_report.parquet
2024-10-24 09:38:14,724 - INFO - HTTP Request: POST https://api.cohere.com/v2/chat "HTTP/1.1 200 OK"
2024-10-24 09:38:15,421 - INFO - Excel report saved to: C:\Users\akhil\Programming\Data Engineering Projects\Data Engineering Project 2\data\output\2024-10-24\2024-10-24_09-37-10\Spend_by_Gender_Across_Cities\Spend_by_Gender_Across_Cities_report.xlsx
2024-10-24 09:38:15,439 - INFO - CSV report saved to: C:\Users\akhil\Programming\Data Engineering Projects\Data Engineering Project 2\data\output\2024-10-24\2024-10-24_09-37-10\Spend_by_Gender_Across_Cities\Spend_by_Gender_Across_Cities_report.csv
2024-10-24 09:38:15,446 - INFO - JSON report saved to: C:\Users\akhil\Programming\Data Engineering Projects\Data Engineering Project 2\data\output\2024-10-24\2024-10-24_09-37-10\Spend_by_Gender_Across_Cities\Spend_by_Gender_Across_Cities_report.json
2024-10-24 09:38:15,488 - INFO - Parquet report saved to: C:\Users\akhil\Programming\Data Engineering Projects\Data Engineering Project 2\data\output\2024-10-24\2024-10-24_09-37-10\Spend_by_Gender_Across_Cities\Spend_by_Gender_Across_Cities_report.parquet
2024-10-24 09:38:16,164 - INFO - HTTP Request: POST https://api.cohere.com/v2/chat "HTTP/1.1 200 OK"
2024-10-24 09:38:16,834 - INFO - Excel report saved to: C:\Users\akhil\Programming\Data Engineering Projects\Data Engineering Project 2\data\output\2024-10-24\2024-10-24_09-37-10\Cumulative_Spend_by_City\Cumulative_Spend_by_City_report.xlsx
2024-10-24 09:38:16,842 - INFO - CSV report saved to: C:\Users\akhil\Programming\Data Engineering Projects\Data Engineering Project 2\data\output\2024-10-24\2024-10-24_09-37-10\Cumulative_Spend_by_City\Cumulative_Spend_by_City_report.csv
2024-10-24 09:38:16,846 - INFO - JSON report saved to: C:\Users\akhil\Programming\Data Engineering Projects\Data Engineering Project 2\data\output\2024-10-24\2024-10-24_09-37-10\Cumulative_Spend_by_City\Cumulative_Spend_by_City_report.json
2024-10-24 09:38:16,890 - INFO - Parquet report saved to: C:\Users\akhil\Programming\Data Engineering Projects\Data Engineering Project 2\data\output\2024-10-24\2024-10-24_09-37-10\Cumulative_Spend_by_City\Cumulative_Spend_by_City_report.parquet
2024-10-24 09:38:17,565 - INFO - HTTP Request: POST https://api.cohere.com/v2/chat "HTTP/1.1 200 OK"
2024-10-24 09:38:17,572 - ERROR - An error occurred: Expecting value: line 1 column 1 (char 0)
Traceback (most recent call last):
  File "C:\Users\akhil\Programming\Data Engineering Projects\Data Engineering Project 2\scripts\Output_Generation.py", line 67, in <module>
    description_list = File_content_generator(df)  # Add additional parameters as needed
                       ^^^^^^^^^^^^^^^^^^^^^^^^^^
  File "C:\Users\akhil\Programming\Data Engineering Projects\Data Engineering Project 2\scripts\File_content_generator.py", line 48, in File_content_generator
    data_dict = json.loads(dict_content)
                ^^^^^^^^^^^^^^^^^^^^^^^^
  File "C:\Users\akhil\AppData\Local\Programs\Python\Python312\Lib\json\__init__.py", line 346, in loads
    return _default_decoder.decode(s)
           ^^^^^^^^^^^^^^^^^^^^^^^^^^
  File "C:\Users\akhil\AppData\Local\Programs\Python\Python312\Lib\json\decoder.py", line 337, in decode
    obj, end = self.raw_decode(s, idx=_w(s, 0).end())
               ^^^^^^^^^^^^^^^^^^^^^^^^^^^^^^^^^^^^^^
  File "C:\Users\akhil\AppData\Local\Programs\Python\Python312\Lib\json\decoder.py", line 355, in raw_decode
    raise JSONDecodeError("Expecting value", s, err.value) from None
json.decoder.JSONDecodeError: Expecting value: line 1 column 1 (char 0)
