2024-10-24 09:20:37,325 - INFO - Created new session log file.
2024-10-24 09:20:37,328 - INFO - ##################################################
2024-10-24 09:20:37,329 - INFO - STEP 1 : Extarcting data from kagggle
2024-10-24 09:20:37,329 - INFO - ##################################################
2024-10-24 09:20:37,329 - INFO - Starting data download...
2024-10-24 09:20:39,639 - INFO - Files in the zip archive: ['Credit card transactions - India - Simple.csv']
2024-10-24 09:20:39,639 - INFO - Processing the data in chunks...
2024-10-24 09:20:39,677 - INFO - Processed 10000 rows of data.
2024-10-24 09:20:39,700 - INFO - Processed 10000 rows of data.
2024-10-24 09:20:39,712 - INFO - Processed 6052 rows of data.
2024-10-24 09:20:39,826 - INFO - Data processing and transmission to NiFi completed successfully.
2024-10-24 09:20:40,716 - INFO - Appending to existing log file.
2024-10-24 09:20:40,949 - INFO - ##################################################
2024-10-24 09:20:40,949 - INFO - STEP 2 : Pushing the data to table
2024-10-24 09:20:40,949 - INFO - ##################################################
2024-10-24 09:20:40,992 - INFO - Table 'transactions' already exists.
2024-10-24 09:20:50,519 - INFO - Data processing completed successfully. Total records pushed: 0.
2024-10-24 09:20:50,524 - INFO - The IDs 1-26052 already exist in the table, hence skipping.
2024-10-24 09:20:51,668 - INFO - Appending to existing log file.
2024-10-24 09:20:51,669 - INFO - ##################################################
2024-10-24 09:20:51,670 - INFO - STEP 3 : Creating Reports
2024-10-24 09:20:51,670 - INFO - ##################################################
2024-10-24 09:20:51,670 - INFO - Establishing database connection...
2024-10-24 09:20:51,671 - INFO - Appending to existing log file.
2024-10-24 09:20:51,672 - INFO - ##################################################
2024-10-24 09:20:51,672 - INFO - STEP 3 : Creating Reports
2024-10-24 09:20:51,672 - INFO - ##################################################
2024-10-24 09:20:51,672 - INFO - Establishing database connection...
2024-10-24 09:20:51,696 - INFO - Appending to existing log file.
2024-10-24 09:20:51,697 - INFO - ##################################################
2024-10-24 09:20:51,697 - INFO - STEP 3 : Creating Reports
2024-10-24 09:20:51,697 - INFO - ##################################################
2024-10-24 09:20:51,697 - INFO - Establishing database connection...
2024-10-24 09:20:51,698 - INFO - Appending to existing log file.
2024-10-24 09:20:51,700 - INFO - ##################################################
2024-10-24 09:20:51,700 - INFO - STEP 3 : Creating Reports
2024-10-24 09:20:51,700 - INFO - ##################################################
2024-10-24 09:20:51,700 - INFO - Establishing database connection...
2024-10-24 09:20:51,708 - INFO - Appending to existing log file.
2024-10-24 09:20:51,710 - INFO - ##################################################
2024-10-24 09:20:51,710 - INFO - STEP 3 : Creating Reports
2024-10-24 09:20:51,710 - INFO - ##################################################
2024-10-24 09:20:51,710 - INFO - Establishing database connection...
2024-10-24 09:20:51,715 - INFO - Appending to existing log file.
2024-10-24 09:20:51,717 - INFO - ##################################################
2024-10-24 09:20:51,717 - INFO - STEP 3 : Creating Reports
2024-10-24 09:20:51,717 - INFO - ##################################################
2024-10-24 09:20:51,717 - INFO - Establishing database connection...
2024-10-24 09:20:51,719 - INFO - Database connection established successfully.
2024-10-24 09:20:51,723 - INFO - Database connection established successfully.
2024-10-24 09:20:51,728 - INFO - SQL filename: Cumulative Spend by City.sql
2024-10-24 09:20:51,728 - INFO - SQL query read from file: WITH CumulativeSpending AS (
    SELECT 
        city,
        transaction_date,
        SUM(amount) OVER (PARTITION BY city ORDER BY transaction_date) AS cumulative_spend
    FROM 
        transactions
)
SELECT 
    city,
    MIN(transaction_date) AS first_date_to_reach_500k
FROM 
    CumulativeSpending
WHERE 
    cumulative_spend >= 500000
GROUP BY 
    city;

2024-10-24 09:20:51,731 - INFO - SQL filename: Spend Distribution Across Card Types.sql
2024-10-24 09:20:51,732 - INFO - SQL query read from file: SELECT 
    card_type, 
    MAX(amount) AS highest_spend_amount, 
    MIN(amount) AS lowest_spend_amount
FROM 
    transactions
GROUP BY 
    card_type;
2024-10-24 09:20:51,744 - INFO - Database connection established successfully.
2024-10-24 09:20:51,748 - INFO - Database connection established successfully.
2024-10-24 09:20:51,750 - INFO - Appending to existing log file.
2024-10-24 09:20:51,751 - INFO - SQL filename: Average Spend Per Transaction by Card Type.sql
2024-10-24 09:20:51,751 - INFO - SQL query read from file: SELECT 
    card_type, 
    YEAR(transaction_date) AS transaction_year,
    MONTH(transaction_date) AS transaction_month,
    AVG(amount) AS average_spend_per_transaction
FROM 
    transactions
GROUP BY 
    card_type, 
    YEAR(transaction_date),
    MONTH(transaction_date);
2024-10-24 09:20:51,752 - INFO - ##################################################
2024-10-24 09:20:51,752 - INFO - STEP 3 : Creating Reports
2024-10-24 09:20:51,752 - INFO - ##################################################
2024-10-24 09:20:51,752 - INFO - Establishing database connection...
2024-10-24 09:20:51,755 - INFO - SQL filename: Highest Spending Gender.sql
2024-10-24 09:20:51,756 - INFO - SQL query read from file: SELECT 
    city,
    gender,
    SUM(amount) AS total_spend
FROM 
    transactions
GROUP BY 
    city, 
    gender
ORDER BY 
    city, 
    total_spend DESC;

2024-10-24 09:20:51,760 - INFO - Appending to existing log file.
2024-10-24 09:20:51,760 - INFO - Appending to existing log file.
2024-10-24 09:20:51,761 - INFO - ##################################################
2024-10-24 09:20:51,761 - INFO - STEP 3 : Creating Reports
2024-10-24 09:20:51,761 - INFO - ##################################################
2024-10-24 09:20:51,761 - INFO - Establishing database connection...
2024-10-24 09:20:51,761 - INFO - ##################################################
2024-10-24 09:20:51,761 - INFO - STEP 3 : Creating Reports
2024-10-24 09:20:51,761 - INFO - ##################################################
2024-10-24 09:20:51,761 - INFO - Establishing database connection...
2024-10-24 09:20:51,825 - INFO - Database connection established successfully.
2024-10-24 09:20:51,826 - INFO - SQL filename: Fastest Growth in Spending.sql
2024-10-24 09:20:51,827 - INFO - SQL query read from file: WITH TransactionCounts AS (
    SELECT 
        card_type,
        COUNT(*) AS transaction_count,
        SUM(amount) AS total_spend
    FROM 
        transactions
    GROUP BY 
        card_type
)
SELECT TOP 1 
    card_type,
    transaction_count,
    total_spend,
    (total_spend * 1.0 / transaction_count) AS average_spend_per_transaction
FROM 
    TransactionCounts
ORDER BY 
    average_spend_per_transaction DESC;

2024-10-24 09:20:51,827 - INFO - SQL query executed successfully. Retrieved 80 rows.
2024-10-24 09:20:51,829 - INFO - Database connection established successfully.
2024-10-24 09:20:51,830 - INFO - Cursor closed.
2024-10-24 09:20:51,830 - INFO - SQL query executed successfully. Retrieved 4 rows.
2024-10-24 09:20:51,832 - INFO - Database connection closed.
2024-10-24 09:20:51,834 - INFO - Cursor closed.
2024-10-24 09:20:51,834 - INFO - SQL query executed successfully. Retrieved 1876 rows.
2024-10-24 09:20:51,836 - INFO - SQL filename: Spend by Gender Across Cities.sql
2024-10-24 09:20:51,836 - INFO - SQL query read from file: SELECT 
    city,
    gender,
    SUM(amount) AS total_spend,
    (SUM(amount) * 100.0 / (SELECT SUM(amount) FROM transactions WHERE city = ct.city)) AS percentage_contribution
FROM 
    transactions ct
GROUP BY 
    city, 
    gender;
2024-10-24 09:20:51,839 - INFO - Database connection closed.
2024-10-24 09:20:51,846 - INFO - Cursor closed.
2024-10-24 09:20:51,846 - INFO - Database connection established successfully.
2024-10-24 09:20:51,847 - INFO - SQL filename: Year over Year Spend Growth.sql
2024-10-24 09:20:51,848 - INFO - SQL query read from file: WITH YearlySpend AS (
    SELECT 
        city,
        card_type,
        YEAR(transaction_date) AS year,
        SUM(amount) AS total_spend
    FROM 
        transactions
    WHERE 
        YEAR(transaction_date) IN (2013, 2014)
    GROUP BY 
        city, 
        card_type, 
        YEAR(transaction_date)
)
SELECT 
    y2014.city,
    y2014.card_type,
    (y2014.total_spend - COALESCE(y2013.total_spend, 0)) AS growth
FROM 
    YearlySpend y2014
LEFT JOIN 
    YearlySpend y2013 
ON 
    y2014.city = y2013.city 
    AND y2014.card_type = y2013.card_type 
    AND y2013.year = 2013
WHERE 
    y2014.year = 2014
ORDER BY 
    growth DESC
OFFSET 0 ROWS FETCH NEXT 1 ROW ONLY; -- SQL Server syntax for LIMIT

2024-10-24 09:20:51,848 - INFO - Database connection closed.
2024-10-24 09:20:51,848 - INFO - Database connection established successfully.
2024-10-24 09:20:51,853 - INFO - Database connection established successfully.
2024-10-24 09:20:51,854 - INFO - SQL filename: Weekend vs Weekday Transaction Patterns.sql
2024-10-24 09:20:51,854 - INFO - SQL query read from file: SELECT 
    city,
    CASE 
        WHEN DATEPART(WEEKDAY, transaction_date) IN (1, 7) THEN 'Weekend'
        ELSE 'Weekday' 
    END AS day_type,
    COUNT(*) AS total_transactions,
    SUM(amount) AS total_spend
FROM 
    transactions
GROUP BY 
    city, 
    CASE 
        WHEN DATEPART(WEEKDAY, transaction_date) IN (1, 7) THEN 'Weekend'
        ELSE 'Weekday' 
    END;

2024-10-24 09:20:51,859 - INFO - SQL filename: Top 5 Expense Categories.sql
2024-10-24 09:20:51,860 - INFO - SQL query read from file: 
SELECT top 5
    exp_type, 
    SUM(amount) AS total_spend,
    (SUM(amount) * 100.0 / (SELECT SUM(amount) FROM DEProject.dbo.transactions)) AS percentage_contribution
FROM 
    [transactions]
GROUP BY 
    exp_type
ORDER BY 
    total_spend DESC;
2024-10-24 09:20:51,872 - INFO - SQL query executed successfully. Retrieved 1 rows.
2024-10-24 09:20:51,877 - INFO - Cursor closed.
2024-10-24 09:20:51,908 - INFO - Database connection closed.
2024-10-24 09:20:51,936 - INFO - SQL query executed successfully. Retrieved 5 rows.
2024-10-24 09:20:51,939 - INFO - Cursor closed.
2024-10-24 09:20:51,942 - INFO - Database connection closed.
2024-10-24 09:20:51,946 - INFO - SQL query executed successfully. Retrieved 1783 rows.
2024-10-24 09:20:51,953 - INFO - SQL query executed successfully. Retrieved 1876 rows.
2024-10-24 09:20:51,954 - INFO - Cursor closed.
2024-10-24 09:20:51,961 - INFO - Cursor closed.
2024-10-24 09:20:51,961 - INFO - Database connection closed.
2024-10-24 09:20:51,983 - INFO - Database connection closed.
2024-10-24 09:20:52,000 - INFO - SQL query executed successfully. Retrieved 1 rows.
2024-10-24 09:20:52,003 - INFO - Cursor closed.
2024-10-24 09:20:52,008 - INFO - Database connection closed.
2024-10-24 09:20:52,444 - INFO - SQL query executed successfully. Retrieved 796 rows.
2024-10-24 09:20:52,450 - INFO - Cursor closed.
2024-10-24 09:20:52,451 - INFO - Database connection closed.
2024-10-24 09:20:56,339 - INFO - Appending to existing log file.
2024-10-24 09:20:56,339 - INFO - ##################################################
2024-10-24 09:20:56,339 - INFO - STEP 4 : GENERATING OUTPUTS
2024-10-24 09:20:56,339 - INFO - ##################################################
2024-10-24 09:20:56,339 - INFO - Processing file: Year_over_Year_Spend_Growth
2024-10-24 09:20:56,340 - INFO - Appending to existing log file.
2024-10-24 09:20:56,340 - INFO - ##################################################
2024-10-24 09:20:56,341 - INFO - STEP 4 : GENERATING OUTPUTS
2024-10-24 09:20:56,341 - INFO - ##################################################
2024-10-24 09:20:56,341 - INFO - Processing file: Weekend_vs_Weekday_Transaction_Patterns
2024-10-24 09:20:56,341 - INFO - Created folder structure for: C:\Users\akhil\Programming\Data Engineering Projects\Data Engineering Project 2\data\output\2024-10-24\2024-10-24_09-20-56\Year_over_Year_Spend_Growth
2024-10-24 09:20:56,342 - INFO - Loaded configuration from: C:\Users\akhil\Programming\Data Engineering Projects\Data Engineering Project 2\config\iconfig.ini
2024-10-24 09:20:56,342 - INFO - Created folder structure for: C:\Users\akhil\Programming\Data Engineering Projects\Data Engineering Project 2\data\output\2024-10-24\2024-10-24_09-20-56\Weekend_vs_Weekday_Transaction_Patterns
2024-10-24 09:20:56,343 - INFO - Loaded configuration from: C:\Users\akhil\Programming\Data Engineering Projects\Data Engineering Project 2\config\iconfig.ini
2024-10-24 09:20:56,347 - INFO - Read DataFrame with 1 rows
2024-10-24 09:20:56,347 - INFO - Generating content using File_content_generator...
2024-10-24 09:20:56,348 - INFO - Appending to existing log file.
2024-10-24 09:20:56,348 - INFO - Appending to existing log file.
2024-10-24 09:20:56,348 - INFO - ##################################################
2024-10-24 09:20:56,348 - INFO - ##################################################
2024-10-24 09:20:56,348 - INFO - STEP 4 : GENERATING OUTPUTS
2024-10-24 09:20:56,349 - INFO - ##################################################
2024-10-24 09:20:56,349 - INFO - Processing file: Average_Spend_Per_Transaction_by_Card_Type
2024-10-24 09:20:56,349 - INFO - Processing file: Fastest_Growth_in_Spending
2024-10-24 09:20:56,349 - INFO - Appending to existing log file.
2024-10-24 09:20:56,349 - INFO - ##################################################
2024-10-24 09:20:56,350 - INFO - STEP 4 : GENERATING OUTPUTS
2024-10-24 09:20:56,350 - INFO - ##################################################
2024-10-24 09:20:56,350 - INFO - Processing file: Spend_Distribution_Across_Card_Types
2024-10-24 09:20:56,351 - INFO - Read DataFrame with 1783 rows
2024-10-24 09:20:56,351 - INFO - Generating content using File_content_generator...
2024-10-24 09:20:56,352 - INFO - Appending to existing log file.
2024-10-24 09:20:56,352 - INFO - Created folder structure for: C:\Users\akhil\Programming\Data Engineering Projects\Data Engineering Project 2\data\output\2024-10-24\2024-10-24_09-20-56\Average_Spend_Per_Transaction_by_Card_Type
2024-10-24 09:20:56,352 - INFO - ##################################################
2024-10-24 09:20:56,352 - INFO - STEP 4 : GENERATING OUTPUTS
2024-10-24 09:20:56,352 - INFO - ##################################################
2024-10-24 09:20:56,352 - INFO - Processing file: Top_5_Expense_Categories
2024-10-24 09:20:56,352 - INFO - Created folder structure for: C:\Users\akhil\Programming\Data Engineering Projects\Data Engineering Project 2\data\output\2024-10-24\2024-10-24_09-20-56\Fastest_Growth_in_Spending
2024-10-24 09:20:56,352 - INFO - Created folder structure for: C:\Users\akhil\Programming\Data Engineering Projects\Data Engineering Project 2\data\output\2024-10-24\2024-10-24_09-20-56\Spend_Distribution_Across_Card_Types
2024-10-24 09:20:56,353 - INFO - Loaded configuration from: C:\Users\akhil\Programming\Data Engineering Projects\Data Engineering Project 2\config\iconfig.ini
2024-10-24 09:20:56,353 - INFO - Created folder structure for: C:\Users\akhil\Programming\Data Engineering Projects\Data Engineering Project 2\data\output\2024-10-24\2024-10-24_09-20-56\Top_5_Expense_Categories
2024-10-24 09:20:56,353 - INFO - Loaded configuration from: C:\Users\akhil\Programming\Data Engineering Projects\Data Engineering Project 2\config\iconfig.ini
2024-10-24 09:20:56,353 - INFO - Loaded configuration from: C:\Users\akhil\Programming\Data Engineering Projects\Data Engineering Project 2\config\iconfig.ini
2024-10-24 09:20:56,354 - INFO - Loaded configuration from: C:\Users\akhil\Programming\Data Engineering Projects\Data Engineering Project 2\config\iconfig.ini
2024-10-24 09:20:56,357 - INFO - Appending to existing log file.
2024-10-24 09:20:56,357 - INFO - ##################################################
2024-10-24 09:20:56,357 - INFO - STEP 4 : GENERATING OUTPUTS
2024-10-24 09:20:56,357 - INFO - ##################################################
2024-10-24 09:20:56,357 - INFO - Processing file: Cumulative_Spend_by_City
2024-10-24 09:20:56,358 - INFO - Read DataFrame with 80 rows
2024-10-24 09:20:56,358 - INFO - Generating content using File_content_generator...
2024-10-24 09:20:56,358 - INFO - Read DataFrame with 4 rows
2024-10-24 09:20:56,358 - INFO - Generating content using File_content_generator...
2024-10-24 09:20:56,358 - INFO - Created folder structure for: C:\Users\akhil\Programming\Data Engineering Projects\Data Engineering Project 2\data\output\2024-10-24\2024-10-24_09-20-56\Cumulative_Spend_by_City
2024-10-24 09:20:56,358 - INFO - Read DataFrame with 1 rows
2024-10-24 09:20:56,359 - INFO - Generating content using File_content_generator...
2024-10-24 09:20:56,359 - INFO - Read DataFrame with 5 rows
2024-10-24 09:20:56,359 - INFO - Generating content using File_content_generator...
2024-10-24 09:20:56,359 - INFO - Loaded configuration from: C:\Users\akhil\Programming\Data Engineering Projects\Data Engineering Project 2\config\iconfig.ini
2024-10-24 09:20:56,362 - INFO - Appending to existing log file.
2024-10-24 09:20:56,362 - INFO - ##################################################
2024-10-24 09:20:56,362 - INFO - STEP 4 : GENERATING OUTPUTS
2024-10-24 09:20:56,362 - INFO - ##################################################
2024-10-24 09:20:56,362 - INFO - Processing file: Spend_by_Gender_Across_Cities
2024-10-24 09:20:56,362 - INFO - Appending to existing log file.
2024-10-24 09:20:56,362 - INFO - ##################################################
2024-10-24 09:20:56,363 - INFO - STEP 4 : GENERATING OUTPUTS
2024-10-24 09:20:56,363 - INFO - ##################################################
2024-10-24 09:20:56,363 - INFO - Processing file: Highest_Spending_Gender
2024-10-24 09:20:56,363 - INFO - Created folder structure for: C:\Users\akhil\Programming\Data Engineering Projects\Data Engineering Project 2\data\output\2024-10-24\2024-10-24_09-20-56\Spend_by_Gender_Across_Cities
2024-10-24 09:20:56,363 - INFO - Created folder structure for: C:\Users\akhil\Programming\Data Engineering Projects\Data Engineering Project 2\data\output\2024-10-24\2024-10-24_09-20-56\Highest_Spending_Gender
2024-10-24 09:20:56,364 - INFO - Loaded configuration from: C:\Users\akhil\Programming\Data Engineering Projects\Data Engineering Project 2\config\iconfig.ini
2024-10-24 09:20:56,364 - INFO - Loaded configuration from: C:\Users\akhil\Programming\Data Engineering Projects\Data Engineering Project 2\config\iconfig.ini
2024-10-24 09:20:56,366 - INFO - Read DataFrame with 796 rows
2024-10-24 09:20:56,366 - INFO - Generating content using File_content_generator...
2024-10-24 09:20:56,371 - INFO - Read DataFrame with 1876 rows
2024-10-24 09:20:56,371 - INFO - Generating content using File_content_generator...
2024-10-24 09:20:56,374 - INFO - Read DataFrame with 1876 rows
2024-10-24 09:20:56,374 - INFO - Generating content using File_content_generator...
2024-10-24 09:21:05,464 - INFO - HTTP Request: POST https://api.cohere.com/v2/chat "HTTP/1.1 200 OK"
2024-10-24 09:21:06,146 - INFO - Excel report saved to: C:\Users\akhil\Programming\Data Engineering Projects\Data Engineering Project 2\data\output\2024-10-24\2024-10-24_09-20-56\Fastest_Growth_in_Spending\Fastest_Growth_in_Spending_report.xlsx
2024-10-24 09:21:06,150 - INFO - CSV report saved to: C:\Users\akhil\Programming\Data Engineering Projects\Data Engineering Project 2\data\output\2024-10-24\2024-10-24_09-20-56\Fastest_Growth_in_Spending\Fastest_Growth_in_Spending_report.csv
2024-10-24 09:21:06,153 - INFO - JSON report saved to: C:\Users\akhil\Programming\Data Engineering Projects\Data Engineering Project 2\data\output\2024-10-24\2024-10-24_09-20-56\Fastest_Growth_in_Spending\Fastest_Growth_in_Spending_report.json
2024-10-24 09:21:06,264 - INFO - Parquet report saved to: C:\Users\akhil\Programming\Data Engineering Projects\Data Engineering Project 2\data\output\2024-10-24\2024-10-24_09-20-56\Fastest_Growth_in_Spending\Fastest_Growth_in_Spending_report.parquet
2024-10-24 09:21:06,284 - INFO - PDF report saved to: C:\Users\akhil\Programming\Data Engineering Projects\Data Engineering Project 2\data\output\2024-10-24\2024-10-24_09-20-56\Fastest_Growth_in_Spending\Fastest_Growth_in_Spending_Report.pdf
2024-10-24 09:21:06,349 - INFO - Word document saved to: C:\Users\akhil\Programming\Data Engineering Projects\Data Engineering Project 2\data\output\2024-10-24\2024-10-24_09-20-56\Fastest_Growth_in_Spending\Fastest_Growth_in_Spending_Report.docx
2024-10-24 09:21:06,653 - INFO - HTTP Request: POST https://api.cohere.com/v2/chat "HTTP/1.1 200 OK"
2024-10-24 09:21:07,171 - INFO - Excel report saved to: C:\Users\akhil\Programming\Data Engineering Projects\Data Engineering Project 2\data\output\2024-10-24\2024-10-24_09-20-56\Year_over_Year_Spend_Growth\Year_over_Year_Spend_Growth_report.xlsx
2024-10-24 09:21:07,179 - INFO - CSV report saved to: C:\Users\akhil\Programming\Data Engineering Projects\Data Engineering Project 2\data\output\2024-10-24\2024-10-24_09-20-56\Year_over_Year_Spend_Growth\Year_over_Year_Spend_Growth_report.csv
2024-10-24 09:21:07,182 - INFO - JSON report saved to: C:\Users\akhil\Programming\Data Engineering Projects\Data Engineering Project 2\data\output\2024-10-24\2024-10-24_09-20-56\Year_over_Year_Spend_Growth\Year_over_Year_Spend_Growth_report.json
2024-10-24 09:21:07,230 - INFO - Parquet report saved to: C:\Users\akhil\Programming\Data Engineering Projects\Data Engineering Project 2\data\output\2024-10-24\2024-10-24_09-20-56\Year_over_Year_Spend_Growth\Year_over_Year_Spend_Growth_report.parquet
2024-10-24 09:21:07,253 - INFO - PDF report saved to: C:\Users\akhil\Programming\Data Engineering Projects\Data Engineering Project 2\data\output\2024-10-24\2024-10-24_09-20-56\Year_over_Year_Spend_Growth\Year_over_Year_Spend_Growth_Report.pdf
2024-10-24 09:21:07,317 - INFO - Word document saved to: C:\Users\akhil\Programming\Data Engineering Projects\Data Engineering Project 2\data\output\2024-10-24\2024-10-24_09-20-56\Year_over_Year_Spend_Growth\Year_over_Year_Spend_Growth_Report.docx
2024-10-24 09:21:09,554 - INFO - HTTP Request: POST https://api.cohere.com/v2/chat "HTTP/1.1 200 OK"
2024-10-24 09:21:10,095 - INFO - Excel report saved to: C:\Users\akhil\Programming\Data Engineering Projects\Data Engineering Project 2\data\output\2024-10-24\2024-10-24_09-20-56\Average_Spend_Per_Transaction_by_Card_Type\Average_Spend_Per_Transaction_by_Card_Type_report.xlsx
2024-10-24 09:21:10,105 - INFO - CSV report saved to: C:\Users\akhil\Programming\Data Engineering Projects\Data Engineering Project 2\data\output\2024-10-24\2024-10-24_09-20-56\Average_Spend_Per_Transaction_by_Card_Type\Average_Spend_Per_Transaction_by_Card_Type_report.csv
2024-10-24 09:21:10,109 - INFO - JSON report saved to: C:\Users\akhil\Programming\Data Engineering Projects\Data Engineering Project 2\data\output\2024-10-24\2024-10-24_09-20-56\Average_Spend_Per_Transaction_by_Card_Type\Average_Spend_Per_Transaction_by_Card_Type_report.json
2024-10-24 09:21:10,149 - INFO - Parquet report saved to: C:\Users\akhil\Programming\Data Engineering Projects\Data Engineering Project 2\data\output\2024-10-24\2024-10-24_09-20-56\Average_Spend_Per_Transaction_by_Card_Type\Average_Spend_Per_Transaction_by_Card_Type_report.parquet
2024-10-24 09:21:23,054 - INFO - HTTP Request: POST https://api.cohere.com/v2/chat "HTTP/1.1 200 OK"
2024-10-24 09:21:23,611 - INFO - Excel report saved to: C:\Users\akhil\Programming\Data Engineering Projects\Data Engineering Project 2\data\output\2024-10-24\2024-10-24_09-20-56\Cumulative_Spend_by_City\Cumulative_Spend_by_City_report.xlsx
2024-10-24 09:21:23,619 - INFO - CSV report saved to: C:\Users\akhil\Programming\Data Engineering Projects\Data Engineering Project 2\data\output\2024-10-24\2024-10-24_09-20-56\Cumulative_Spend_by_City\Cumulative_Spend_by_City_report.csv
2024-10-24 09:21:23,622 - INFO - JSON report saved to: C:\Users\akhil\Programming\Data Engineering Projects\Data Engineering Project 2\data\output\2024-10-24\2024-10-24_09-20-56\Cumulative_Spend_by_City\Cumulative_Spend_by_City_report.json
2024-10-24 09:21:23,661 - INFO - Parquet report saved to: C:\Users\akhil\Programming\Data Engineering Projects\Data Engineering Project 2\data\output\2024-10-24\2024-10-24_09-20-56\Cumulative_Spend_by_City\Cumulative_Spend_by_City_report.parquet
2024-10-24 09:21:27,252 - INFO - HTTP Request: POST https://api.cohere.com/v2/chat "HTTP/1.1 200 OK"
2024-10-24 09:21:27,258 - ERROR - An error occurred: Expecting value: line 1 column 1 (char 0)
Traceback (most recent call last):
  File "C:\Users\akhil\Programming\Data Engineering Projects\Data Engineering Project 2\scripts\Output_Generation.py", line 67, in <module>
    description_list = File_content_generator(df)  # Add additional parameters as needed
                       ^^^^^^^^^^^^^^^^^^^^^^^^^^
  File "C:\Users\akhil\Programming\Data Engineering Projects\Data Engineering Project 2\scripts\File_content_generator.py", line 48, in File_content_generator
    data_dict = json.loads(dict_content)
                ^^^^^^^^^^^^^^^^^^^^^^^^
  File "C:\Users\akhil\AppData\Local\Programs\Python\Python312\Lib\json\__init__.py", line 346, in loads
    return _default_decoder.decode(s)
           ^^^^^^^^^^^^^^^^^^^^^^^^^^
  File "C:\Users\akhil\AppData\Local\Programs\Python\Python312\Lib\json\decoder.py", line 337, in decode
    obj, end = self.raw_decode(s, idx=_w(s, 0).end())
               ^^^^^^^^^^^^^^^^^^^^^^^^^^^^^^^^^^^^^^
  File "C:\Users\akhil\AppData\Local\Programs\Python\Python312\Lib\json\decoder.py", line 355, in raw_decode
    raise JSONDecodeError("Expecting value", s, err.value) from None
json.decoder.JSONDecodeError: Expecting value: line 1 column 1 (char 0)
2024-10-24 09:21:29,987 - INFO - HTTP Request: POST https://api.cohere.com/v2/chat "HTTP/1.1 200 OK"
2024-10-24 09:21:30,407 - INFO - Excel report saved to: C:\Users\akhil\Programming\Data Engineering Projects\Data Engineering Project 2\data\output\2024-10-24\2024-10-24_09-20-56\Top_5_Expense_Categories\Top_5_Expense_Categories_report.xlsx
2024-10-24 09:21:30,416 - INFO - CSV report saved to: C:\Users\akhil\Programming\Data Engineering Projects\Data Engineering Project 2\data\output\2024-10-24\2024-10-24_09-20-56\Top_5_Expense_Categories\Top_5_Expense_Categories_report.csv
2024-10-24 09:21:30,419 - INFO - JSON report saved to: C:\Users\akhil\Programming\Data Engineering Projects\Data Engineering Project 2\data\output\2024-10-24\2024-10-24_09-20-56\Top_5_Expense_Categories\Top_5_Expense_Categories_report.json
2024-10-24 09:21:30,464 - INFO - Parquet report saved to: C:\Users\akhil\Programming\Data Engineering Projects\Data Engineering Project 2\data\output\2024-10-24\2024-10-24_09-20-56\Top_5_Expense_Categories\Top_5_Expense_Categories_report.parquet
2024-10-24 09:21:30,510 - INFO - PDF report saved to: C:\Users\akhil\Programming\Data Engineering Projects\Data Engineering Project 2\data\output\2024-10-24\2024-10-24_09-20-56\Top_5_Expense_Categories\Top_5_Expense_Categories_Report.pdf
2024-10-24 09:21:30,593 - INFO - Word document saved to: C:\Users\akhil\Programming\Data Engineering Projects\Data Engineering Project 2\data\output\2024-10-24\2024-10-24_09-20-56\Top_5_Expense_Categories\Top_5_Expense_Categories_Report.docx
2024-10-24 09:21:32,227 - INFO - HTTP Request: POST https://api.cohere.com/v2/chat "HTTP/1.1 200 OK"
2024-10-24 09:21:33,161 - INFO - Excel report saved to: C:\Users\akhil\Programming\Data Engineering Projects\Data Engineering Project 2\data\output\2024-10-24\2024-10-24_09-20-56\Weekend_vs_Weekday_Transaction_Patterns\Weekend_vs_Weekday_Transaction_Patterns_report.xlsx
2024-10-24 09:21:33,175 - INFO - CSV report saved to: C:\Users\akhil\Programming\Data Engineering Projects\Data Engineering Project 2\data\output\2024-10-24\2024-10-24_09-20-56\Weekend_vs_Weekday_Transaction_Patterns\Weekend_vs_Weekday_Transaction_Patterns_report.csv
2024-10-24 09:21:33,183 - INFO - JSON report saved to: C:\Users\akhil\Programming\Data Engineering Projects\Data Engineering Project 2\data\output\2024-10-24\2024-10-24_09-20-56\Weekend_vs_Weekday_Transaction_Patterns\Weekend_vs_Weekday_Transaction_Patterns_report.json
2024-10-24 09:21:33,220 - INFO - Parquet report saved to: C:\Users\akhil\Programming\Data Engineering Projects\Data Engineering Project 2\data\output\2024-10-24\2024-10-24_09-20-56\Weekend_vs_Weekday_Transaction_Patterns\Weekend_vs_Weekday_Transaction_Patterns_report.parquet
2024-10-24 09:21:39,125 - INFO - HTTP Request: POST https://api.cohere.com/v2/chat "HTTP/1.1 200 OK"
2024-10-24 09:21:39,881 - INFO - Excel report saved to: C:\Users\akhil\Programming\Data Engineering Projects\Data Engineering Project 2\data\output\2024-10-24\2024-10-24_09-20-56\Spend_by_Gender_Across_Cities\Spend_by_Gender_Across_Cities_report.xlsx
2024-10-24 09:21:39,899 - INFO - CSV report saved to: C:\Users\akhil\Programming\Data Engineering Projects\Data Engineering Project 2\data\output\2024-10-24\2024-10-24_09-20-56\Spend_by_Gender_Across_Cities\Spend_by_Gender_Across_Cities_report.csv
2024-10-24 09:21:39,907 - INFO - JSON report saved to: C:\Users\akhil\Programming\Data Engineering Projects\Data Engineering Project 2\data\output\2024-10-24\2024-10-24_09-20-56\Spend_by_Gender_Across_Cities\Spend_by_Gender_Across_Cities_report.json
2024-10-24 09:21:39,962 - INFO - Parquet report saved to: C:\Users\akhil\Programming\Data Engineering Projects\Data Engineering Project 2\data\output\2024-10-24\2024-10-24_09-20-56\Spend_by_Gender_Across_Cities\Spend_by_Gender_Across_Cities_report.parquet
2024-10-24 09:21:46,097 - INFO - HTTP Request: POST https://api.cohere.com/v2/chat "HTTP/1.1 200 OK"
2024-10-24 09:21:46,807 - INFO - Excel report saved to: C:\Users\akhil\Programming\Data Engineering Projects\Data Engineering Project 2\data\output\2024-10-24\2024-10-24_09-20-56\Highest_Spending_Gender\Highest_Spending_Gender_report.xlsx
2024-10-24 09:21:46,820 - INFO - CSV report saved to: C:\Users\akhil\Programming\Data Engineering Projects\Data Engineering Project 2\data\output\2024-10-24\2024-10-24_09-20-56\Highest_Spending_Gender\Highest_Spending_Gender_report.csv
2024-10-24 09:21:46,826 - INFO - JSON report saved to: C:\Users\akhil\Programming\Data Engineering Projects\Data Engineering Project 2\data\output\2024-10-24\2024-10-24_09-20-56\Highest_Spending_Gender\Highest_Spending_Gender_report.json
2024-10-24 09:21:46,866 - INFO - Parquet report saved to: C:\Users\akhil\Programming\Data Engineering Projects\Data Engineering Project 2\data\output\2024-10-24\2024-10-24_09-20-56\Highest_Spending_Gender\Highest_Spending_Gender_report.parquet
