2024-10-23 23:08:58,037 - INFO - Created new log file.
2024-10-23 23:08:58,038 - INFO - ##################################################
2024-10-23 23:08:58,038 - INFO - STEP 3 : Creating Reports
2024-10-23 23:08:58,038 - INFO - ##################################################
2024-10-23 23:08:58,038 - INFO - Establishing database connection...
2024-10-23 23:08:58,187 - INFO - Database connection established successfully.
2024-10-23 23:08:58,187 - INFO - SQL filename: Weekend vs Weekday Transaction Patterns.sql
2024-10-23 23:08:58,188 - INFO - SQL query read from file: SELECT 
    city,
    CASE 
        WHEN DATEPART(WEEKDAY, transaction_date) IN (1, 7) THEN 'Weekend'
        ELSE 'Weekday' 
    END AS day_type,
    COUNT(*) AS total_transactions,
    SUM(amount) AS total_spend
FROM 
    transactions
GROUP BY 
    city, 
    CASE 
        WHEN DATEPART(WEEKDAY, transaction_date) IN (1, 7) THEN 'Weekend'
        ELSE 'Weekday' 
    END;

2024-10-23 23:08:58,289 - INFO - SQL query executed successfully. Retrieved 1783 rows.
2024-10-23 23:08:58,304 - INFO - Cursor closed.
2024-10-23 23:08:58,305 - INFO - Database connection closed.
